C:\Program Files (x86)\Microsoft Visual Studio\2019\Community\MSBuild\Microsoft\VC\v150\Platforms\Win32\PlatformToolsets\v141_xp\Toolset.targets(39,5): warning MSB8051: Support for targeting Windows XP is deprecated and will not be present in future releases of Visual Studio. Please see https://go.microsoft.com/fwlink/?linkid=2023588 for more information.
  librsvg-enum-types.c
  librsvg-features.c
  rsvg-base-file-util.c
  rsvg-base.c
  rsvg-cairo-clip.c
  rsvg-cairo-draw.c
  rsvg-cairo-render.c
  rsvg-cond.c
  rsvg-css.c
  rsvg-defs.c
  rsvg-filter.c
  rsvg-gobject.c
  rsvg-image.c
  rsvg-io.c
  rsvg-marker.c
  rsvg-mask.c
  rsvg-paint-server.c
  rsvg-path.c
  rsvg-shapes.c
  rsvg-size-callback.c
  rsvg-structure.c
  rsvg-styles.c
  rsvg-text.c
  rsvg-xml.c
  rsvg.c
  gdk-pixbuf-animation.c
  gdk-pixbuf-buffer-queue.c
  gdk-pixbuf-data.c
  gdk-pixbuf-enum-types.c
  gdk-pixbuf-io.c
  gdk-pixbuf-loader.c
  gdk-pixbuf-marshal.c
  gdk-pixbuf-pixdata.c
  gdk-pixbuf-scale.c
  gdk-pixbuf-scaled-anim.c
  gdk-pixbuf-simple-anim.c
  gdk-pixbuf-util.c
  gdk-pixbuf.c
  gdk-pixdata.c
  io-ani-animation.c
  io-ani.c
  io-bmp.c
  io-gif-animation.c
  io-gif.c
  io-icns.c
  io-ico.c
  io-jasper.c
  io-jpeg.c
  io-png.c
  io-pnm.c
  io-qtif.c
  io-tga.c
  io-tiff.c
  io-xbm.c
  io-xpm.c
  pixops.c
  io-svg.c
  CORE_librsvg_StaticMT.vcxproj -> D:\imagemagick-windows\VisualMagick\librsvg\..\lib\CORE_DB_librsvg_.lib
