C:\Program Files (x86)\Microsoft Visual Studio\2019\Community\MSBuild\Microsoft\VC\v150\Platforms\Win32\PlatformToolsets\v141_xp\Toolset.targets(39,5): warning MSB8051: Support for targeting Windows XP is deprecated and will not be present in future releases of Visual Studio. Please see https://go.microsoft.com/fwlink/?linkid=2023588 for more information.
  break-arabic.c
  break-indic.c
  break-thai.c
  break.c
  ellipsize.c
  fonts.c
  glyphstring.c
  pango-attributes.c
  pango-bidi-type.c
  pango-color.c
  pango-context.c
  pango-coverage.c
  pango-emoji.c
  pango-engine.c
  pango-enum-types.c
  pango-fontmap.c
  pango-fontset.c
  pango-glyph-item.c
  pango-gravity.c
  pango-item.c
  pango-language.c
  pango-layout.c
  pango-markup.c
  pango-matrix.c
  pango-renderer.c
  pango-script.c
  pango-tabs.c
  pango-utils.c
  pangocairo-context.c
  pangocairo-font.c
  pangocairo-fontmap.c
  pangocairo-render.c
  pangocairo-win32font.c
  pangocairo-win32fontmap.c
  pangowin32-fontcache.c
  pangowin32-fontmap.c
  pangowin32-shape.c
  pangowin32.c
  reorder-items.c
  shape.c
  fribidi.c
  fribidi_char_type.c
  fribidi_types.c
  CORE_pango_StaticMT.vcxproj -> D:\imagemagick-windows\VisualMagick\pango\..\lib\CORE_DB_pango_.lib
