C:\Program Files (x86)\Microsoft Visual Studio\2019\Community\MSBuild\Microsoft\VC\v150\Platforms\Win32\PlatformToolsets\v141_xp\Toolset.targets(39,5): warning MSB8051: Support for targeting Windows XP is deprecated and will not be present in future releases of Visual Studio. Please see https://go.microsoft.com/fwlink/?linkid=2023588 for more information.
  pixman-access-accessors.c
  pixman-access.c
  pixman-arm.c
  pixman-bits-image.c
  pixman-combine-float.c
  pixman-combine32.c
  pixman-conical-gradient.c
  pixman-edge-accessors.c
  pixman-edge.c
  pixman-fast-path.c
  pixman-filter.c
  pixman-general.c
  pixman-glyph.c
  pixman-gradient-walker.c
  pixman-image.c
  pixman-implementation.c
  pixman-linear-gradient.c
  pixman-matrix.c
  pixman-mips.c
  pixman-noop.c
  pixman-ppc.c
  pixman-radial-gradient.c
  pixman-region16.c
  pixman-region32.c
  pixman-solid-fill.c
  pixman-sse2.c
  pixman-timer.c
  pixman-trap.c
  pixman-utils.c
  pixman-x86.c
  pixman.c
  CORE_pixman_StaticMT.vcxproj -> D:\imagemagick-windows\VisualMagick\pixman\..\lib\CORE_DB_pixman_.lib
