C:\Program Files (x86)\Microsoft Visual Studio\2019\Community\MSBuild\Microsoft\VC\v150\Platforms\Win32\PlatformToolsets\v141_xp\Toolset.targets(39,5): warning MSB8051: Support for targeting Windows XP is deprecated and will not be present in future releases of Visual Studio. Please see https://go.microsoft.com/fwlink/?linkid=2023588 for more information.
  aom_codec.c
  aom_decoder.c
  aom_image.c
  aom_integer.c
  aom_convolve.c
  aom_dsp_rtcd.c
  avg.c
  binary_codes_reader.c
  binary_codes_writer.c
  bitreader.c
  bitreader_buffer.c
  bitwriter.c
  bitwriter_buffer.c
  blend_a64_hmask.c
  blend_a64_mask.c
  blend_a64_vmask.c
  entcode.c
  entdec.c
  entenc.c
  fastssim.c
  fft.c
  fwd_txfm.c
  grain_synthesis.c
  grain_table.c
  intrapred.c
  loopfilter.c
  noise_model.c
  noise_util.c
  psnrhvs.c
  quantize.c
  sad_av1.c
  subtract.c
  sum_squares.c
  aom_mem.c
  aom_scale_rtcd.c
  aom_thread.c
  aom_scale.c
  gen_scalers.c
  yv12config.c
  yv12extend.c
  av1_cx_iface.c
  av1_dx_iface.c
  alloccommon.c
  av1_inv_txfm1d.c
  av1_inv_txfm2d.c
  av1_loopfilter.c
  av1_rtcd.c
  av1_txfm.c
  blockd.c
  cdef.c
  cdef_block.c
  cfl.c
  convolve.c
  debugmodes.c
  entropy.c
  entropymode.c
  entropymv.c
  frame_buffers.c
  idct.c
  loopfiltermask.c
  mvref_common.c
  obu_util.c
  odintrin.c
  pred_common.c
  quant_common.c
  reconinter.c
  reconintra.c
  resize.c
  restoration.c
  scale.c
  scan.c
  seg_common.c
  thread_common.c
  tile_common.c
  timing.c
  txb_common.c
  warped_motion.c
  accounting.c
  decodeframe.c
  decodemv.c
  decoder.c
  decodetxb.c
  detokenize.c
  obu.c
  CORE_aom_StaticMT.vcxproj -> D:\imagemagick-windows\VisualMagick\aom\..\lib\CORE_DB_aom_.lib
